[2m21:57:27[22m [34m[@astrojs/node][39m Enabling sessions with filesystem storage
[2m21:57:27[22m [34m[content][39m Syncing content
[2m21:57:27[22m [34m[content][39m Synced content
[2m21:57:27[22m [34m[types][39m Generated [2m367ms[22m
[2m21:57:27[22m [34m[build][39m output: [34m"static"[39m
[2m21:57:27[22m [34m[build][39m mode: [34m"server"[39m
[2m21:57:27[22m [34m[build][39m directory: [34mC:\Users\benit\Desktop\stock\TW-stock\dist\[39m
[2m21:57:27[22m [34m[build][39m adapter: [32m@astrojs/node[39m
[2m21:57:27[22m [34m[build][39m Collecting build info...
[2m21:57:27[22m [34m[build][39m [32m✓ Completed in 393ms.[39m
[2m21:57:27[22m [34m[build][39m Building server entrypoints...
\n[31m[1m21:57:28[22m [ERROR] [vite][39m [31m✗[39m Build failed in 955ms
Unexpected "}"
  [1mLocation:[22m
    [4mC:/Users/benit/Desktop/stock/TW-stock/src/pages/industries.astro:49:0[24m
  [1mStack trace:[22m
[2m    at failureErrorWithLog (C:\Users\benit\Desktop\stock\TW-stock\node_modules\esbuild\lib\main.js:1467:15)
    at responseCallbacks.<computed> (C:\Users\benit\Desktop\stock\TW-stock\node_modules\esbuild\lib\main.js:603:9)
    at Socket.readFromStdout (C:\Users\benit\Desktop\stock\TW-stock\node_modules\esbuild\lib\main.js:581:7)
    at addChunk (node:internal/streams/readable:559:12)
    at Readable.push (node:internal/streams/readable:390:5)[22m
